2025-08-28 23:30:24,381 - INFO - ENHANCED FILE MONITOR STARTED
2025-08-28 23:30:24,382 - INFO - Monitoring: enhanced_clean_la_finance_data_*, comparison_reports_*
2025-08-28 23:30:24,382 - INFO - Check every: 10 seconds
2025-08-28 23:30:24,382 - INFO - Features: Before/After Pattern Comparison
2025-08-28 23:30:24,382 - INFO - Starting continuous monitoring with before/after pattern comparison...
2025-08-28 23:30:24,382 - INFO - Scanning for changes...
2025-08-28 23:30:24,386 - INFO - NEW FILE: tax-education_business-tax-registration-renewal_renewal-deadlines-forms-and-online-services_patterns_diff.txt
2025-08-28 23:30:24,395 - INFO - NEW FILE: finance_lacity_gov_patterns_diff.txt
2025-08-28 23:30:24,395 - INFO - FOUND 2 CHANGES!
2025-08-28 23:30:26,117 - INFO - TEAMS NOTIFICATION SENT for 2 changes with before/after comparison
2025-08-28 23:30:26,121 - INFO - Next check in 10 seconds...
2025-08-28 23:30:36,122 - INFO - Scanning for changes...
2025-08-28 23:30:36,131 - INFO - No changes detected
2025-08-28 23:30:36,132 - INFO - Next check in 10 seconds...
2025-08-28 23:30:46,134 - INFO - Scanning for changes...
2025-08-28 23:30:46,144 - INFO - No changes detected
2025-08-28 23:30:46,145 - INFO - Next check in 10 seconds...
2025-08-28 23:30:56,145 - INFO - Scanning for changes...
2025-08-28 23:30:56,151 - INFO - No changes detected
2025-08-28 23:30:56,151 - INFO - Next check in 10 seconds...
2025-08-28 23:31:06,153 - INFO - Scanning for changes...
2025-08-28 23:31:06,162 - INFO - No changes detected
2025-08-28 23:31:06,162 - INFO - Next check in 10 seconds...
2025-08-28 23:31:16,163 - INFO - Scanning for changes...
2025-08-28 23:31:16,173 - INFO - No changes detected
2025-08-28 23:31:16,174 - INFO - Next check in 10 seconds...
2025-08-28 23:31:26,176 - INFO - Scanning for changes...
2025-08-28 23:31:26,184 - INFO - No changes detected
2025-08-28 23:31:26,184 - INFO - Next check in 10 seconds...
2025-08-28 23:31:36,185 - INFO - Scanning for changes...
2025-08-28 23:31:36,194 - INFO - No changes detected
2025-08-28 23:31:36,195 - INFO - Next check in 10 seconds...
2025-08-28 23:31:46,196 - INFO - Scanning for changes...
2025-08-28 23:31:46,205 - INFO - No changes detected
2025-08-28 23:31:46,206 - INFO - Next check in 10 seconds...
2025-08-28 23:31:56,207 - INFO - Scanning for changes...
2025-08-28 23:31:56,214 - INFO - No changes detected
2025-08-28 23:31:56,214 - INFO - Next check in 10 seconds...
2025-08-28 23:32:06,215 - INFO - Scanning for changes...
2025-08-28 23:32:06,222 - INFO - No changes detected
2025-08-28 23:32:06,222 - INFO - Next check in 10 seconds...
2025-08-28 23:32:09,090 - INFO - Monitoring stopped by user
2025-08-28 23:32:09,094 - INFO - Monitor shutdown complete
2025-08-28 23:32:27,188 - INFO - Loaded state: 2 files tracked
2025-08-28 23:32:27,188 - INFO - ENHANCED FILE MONITOR STARTED
2025-08-28 23:32:27,189 - INFO - Monitoring: clean_enhanced_la_finance_data_*, comparison_reports_*
2025-08-28 23:32:27,189 - INFO - Check every: 10 seconds
2025-08-28 23:32:27,189 - INFO - Features: Before/After Pattern Comparison
2025-08-28 23:32:27,189 - INFO - Starting continuous monitoring with before/after pattern comparison...
2025-08-28 23:32:27,189 - INFO - Scanning for changes...
2025-08-28 23:32:27,196 - INFO - NEW FILE: tax-education_discovering-unregistered-businesses_rms-tax-discovery.txt
2025-08-28 23:32:27,197 - INFO - NEW FILE: tax-education_laws-regulations_voluntary-disclosure-program-unregistered-businesses.txt
2025-08-28 23:32:27,200 - INFO - NEW FILE: forms-list.txt
2025-08-28 23:32:27,201 - INFO - NEW FILE: internal.txt
2025-08-28 23:32:27,202 - INFO - NEW FILE: tax-education_new-business-registration_business-tax-extensions.txt
2025-08-28 23:32:27,204 - INFO - NEW FILE: tax-education_business-taxes_know-your-rates.txt
2025-08-28 23:32:27,206 - INFO - NEW FILE: online-taxpayer-services.txt
2025-08-28 23:32:27,208 - INFO - NEW FILE: external.txt
2025-08-28 23:32:27,210 - INFO - NEW FILE: tax-education_tax-assessments_settlement-bureau.txt
2025-08-28 23:32:27,211 - INFO - NEW FILE: tax-education_new-business-registration_how-register-btrc.txt
2025-08-28 23:32:27,212 - INFO - NEW FILE: frequently-asked-questions.txt
2025-08-28 23:32:27,214 - INFO - NEW FILE: tax-education_laws-regulations_city-clerks-ruling.txt
2025-08-28 23:32:27,215 - INFO - NEW FILE: online-taxpayer-services.txt
2025-08-28 23:32:27,216 - INFO - NEW FILE: tax-education_laws-regulations_whistleblower-program.txt
2025-08-28 23:32:27,218 - INFO - NEW FILE: tax-education_permit-renewals_fire-permit.txt
2025-08-28 23:32:27,219 - INFO - NEW FILE: tax-education_tax-assessments_board-review.txt
2025-08-28 23:32:27,220 - INFO - NEW FILE: tax-education_discovering-unregistered-businesses_ab-63sb-1146-tax-discovery.txt
2025-08-28 23:32:27,222 - INFO - NEW FILE: tax-education_laws-regulations_legal-action-non-compliance.txt
2025-08-28 23:32:27,224 - INFO - NEW FILE: tax-education_permit-renewals_tobacco-retailers-permit.txt
2025-08-28 23:32:27,227 - INFO - NEW FILE: tax-education_business-taxes_know-your-rates.txt
2025-08-28 23:32:27,229 - INFO - NEW FILE: finance_lacity_gov.txt
2025-08-28 23:32:27,231 - INFO - NEW FILE: tax-education_tax-assessments_assessment-review-general-information.txt
2025-08-28 23:32:27,232 - INFO - NEW FILE: tax-education_business-tax-registration-renewal_renewal-deadlines-forms-and-online-services.txt
2025-08-28 23:32:27,234 - INFO - NEW FILE: tax-education_permit-renewals_tobacco-retailers-permit.txt
2025-08-28 23:32:27,236 - INFO - NEW FILE: tax-education_tax-exemptions_tax-incentives-and-exemptions.txt
2025-08-28 23:32:27,237 - INFO - NEW FILE: tax-education_laws-regulations_required-hazardous-materials-reporting.txt
2025-08-28 23:32:27,239 - INFO - NEW FILE: forms-list.txt
2025-08-28 23:32:27,241 - INFO - NEW FILE: tax-education_collections-or-have-delinquent-account_collection-agency-information.txt
2025-08-28 23:32:27,242 - INFO - NEW FILE: tax-education_tax-assessments_requesting-hearing.txt
2025-08-28 23:32:27,244 - INFO - NEW FILE: tax-education_business-tax-registration-renewal_renewal-deadlines-forms-and-online-services.txt
2025-08-28 23:32:27,246 - INFO - NEW FILE: tax-education_new-business-registration_business-tax-extensions.txt
2025-08-28 23:32:27,247 - INFO - NEW FILE: tax-education_tax-exemptions_lifeline-utility-users-tax-exemption-seniors-and-individuals.txt
2025-08-28 23:32:27,249 - INFO - NEW FILE: tax-education_changing-or-closing-business_changing-or-closing-your-business.txt
2025-08-28 23:32:27,250 - INFO - NEW FILE: external.txt
2025-08-28 23:32:27,251 - INFO - NEW FILE: tax-education_permit-renewals_police-permits.txt
2025-08-28 23:32:27,253 - INFO - NEW FILE: tax-education_laws-regulations_business-regulation-los-angeles.txt
2025-08-28 23:32:27,254 - INFO - NEW FILE: tax-education_permit-renewals_police-permits.txt
2025-08-28 23:32:27,255 - INFO - NEW FILE: tax-education_permit-renewals_fire-permit.txt
2025-08-28 23:32:27,257 - INFO - NEW FILE: tax-education_new-business-registration_business-types-no-registration-required.txt
2025-08-28 23:32:27,259 - INFO - NEW FILE: tax-education_new-business-registration_business-types-no-registration-required.txt
2025-08-28 23:32:27,260 - INFO - NEW FILE: tax-education_new-business-registration_assembly-bill-195.txt
2025-08-28 23:32:27,261 - INFO - NEW FILE: finance_lacity_gov.txt
2025-08-28 23:32:27,263 - INFO - NEW FILE: internal.txt
2025-08-28 23:32:27,264 - INFO - NEW FILE: tax-education_new-business-registration_how-register-btrc.txt
2025-08-28 23:32:27,265 - INFO - NEW FILE: tax-education_new-business-registration_assembly-bill-195.txt
2025-08-28 23:32:27,267 - INFO - FOUND 45 CHANGES!
2025-08-28 23:32:28,757 - INFO - TEAMS NOTIFICATION SENT for 45 changes with before/after comparison
2025-08-28 23:32:28,766 - INFO - Next check in 10 seconds...
2025-08-28 23:32:38,767 - INFO - Scanning for changes...
2025-08-28 23:32:38,811 - INFO - No changes detected
2025-08-28 23:32:38,831 - INFO - Next check in 10 seconds...
2025-08-28 23:32:48,847 - INFO - Scanning for changes...
2025-08-28 23:32:48,899 - INFO - No changes detected
2025-08-28 23:32:48,900 - INFO - Next check in 10 seconds...
2025-08-28 23:32:58,901 - INFO - Scanning for changes...
2025-08-28 23:32:58,933 - INFO - MODIFIED: external.txt
2025-08-28 23:32:58,940 - INFO - FOUND 1 CHANGES!
2025-08-28 23:33:01,345 - INFO - TEAMS NOTIFICATION SENT for 1 changes with before/after comparison
2025-08-28 23:33:01,360 - INFO - Next check in 10 seconds...
2025-08-28 23:33:11,362 - INFO - Scanning for changes...
2025-08-28 23:33:11,417 - INFO - No changes detected
2025-08-28 23:33:11,418 - INFO - Next check in 10 seconds...
2025-08-28 23:33:21,419 - INFO - Scanning for changes...
2025-08-28 23:33:21,527 - INFO - MODIFIED: forms-list.txt
2025-08-28 23:33:21,566 - INFO - FOUND 1 CHANGES!
2025-08-28 23:33:23,481 - INFO - TEAMS NOTIFICATION SENT for 1 changes with before/after comparison
2025-08-28 23:33:23,496 - INFO - Next check in 10 seconds...
2025-08-28 23:33:33,063 - INFO - Monitoring stopped by user
2025-08-28 23:33:33,075 - INFO - Monitor shutdown complete
2025-08-28 23:33:46,763 - INFO - Loaded state: 47 files tracked
2025-08-28 23:33:46,764 - INFO - ENHANCED FILE MONITOR STARTED
2025-08-28 23:33:46,765 - INFO - Monitoring: clean_enhanced_la_finance_data_*, comparison_reports_*
2025-08-28 23:33:46,766 - INFO - Check every: 3 seconds
2025-08-28 23:33:46,767 - INFO - Features: Before/After Pattern Comparison
2025-08-28 23:33:46,767 - INFO - Starting continuous monitoring with before/after pattern comparison...
2025-08-28 23:33:46,768 - INFO - Scanning for changes...
2025-08-28 23:33:46,798 - INFO - No changes detected
2025-08-28 23:33:46,799 - INFO - Next check in 3 seconds...
2025-08-28 23:33:49,801 - INFO - Scanning for changes...
2025-08-28 23:33:49,838 - INFO - No changes detected
2025-08-28 23:33:49,839 - INFO - Next check in 3 seconds...
2025-08-28 23:33:52,841 - INFO - Scanning for changes...
2025-08-28 23:33:52,876 - INFO - No changes detected
2025-08-28 23:33:52,878 - INFO - Next check in 3 seconds...
2025-08-28 23:33:55,880 - INFO - Scanning for changes...
2025-08-28 23:33:55,896 - INFO - MODIFIED: external.txt
2025-08-28 23:33:55,919 - INFO - FOUND 1 CHANGES!
2025-08-28 23:33:58,832 - INFO - TEAMS NOTIFICATION SENT for 1 changes with before/after comparison
2025-08-28 23:33:58,845 - INFO - Next check in 3 seconds...
2025-08-28 23:34:01,847 - INFO - Scanning for changes...
2025-08-28 23:34:01,902 - INFO - No changes detected
2025-08-28 23:34:01,904 - INFO - Next check in 3 seconds...
2025-08-28 23:34:04,907 - INFO - Scanning for changes...
2025-08-28 23:34:04,935 - INFO - MODIFIED: external.txt
2025-08-28 23:34:04,967 - INFO - FOUND 1 CHANGES!
2025-08-28 23:34:06,781 - INFO - TEAMS NOTIFICATION SENT for 1 changes with before/after comparison
2025-08-28 23:34:06,795 - INFO - Next check in 3 seconds...
2025-08-28 23:34:09,797 - INFO - Scanning for changes...
2025-08-28 23:34:09,837 - INFO - No changes detected
2025-08-28 23:34:09,839 - INFO - Next check in 3 seconds...
2025-08-28 23:34:12,840 - INFO - Scanning for changes...
2025-08-28 23:34:12,876 - INFO - No changes detected
2025-08-28 23:34:12,878 - INFO - Next check in 3 seconds...
2025-08-28 23:34:15,879 - INFO - Scanning for changes...
2025-08-28 23:34:15,925 - INFO - No changes detected
2025-08-28 23:34:15,926 - INFO - Next check in 3 seconds...
2025-08-28 23:34:18,216 - INFO - Monitoring stopped by user
2025-08-28 23:34:18,224 - INFO - Monitor shutdown complete
2025-08-28 23:34:42,399 - INFO - Loaded state: 47 files tracked
2025-08-28 23:34:42,400 - INFO - ENHANCED FILE MONITOR STARTED
2025-08-28 23:34:42,401 - INFO - Monitoring: clean_enhanced_la_finance_data_*, comparison_reports_*
2025-08-28 23:34:42,402 - INFO - Check every: 3 seconds
2025-08-28 23:34:42,403 - INFO - Features: Before/After Pattern Comparison
2025-08-28 23:34:42,405 - INFO - Starting continuous monitoring with before/after pattern comparison...
2025-08-28 23:34:42,405 - INFO - Scanning for changes...
2025-08-28 23:34:42,432 - INFO - No changes detected
2025-08-28 23:34:42,434 - INFO - Next check in 3 seconds...
2025-08-28 23:34:45,435 - INFO - Scanning for changes...
2025-08-28 23:34:45,474 - INFO - No changes detected
2025-08-28 23:34:45,474 - INFO - Next check in 3 seconds...
2025-08-28 23:34:48,474 - INFO - Scanning for changes...
2025-08-28 23:34:48,509 - INFO - No changes detected
2025-08-28 23:34:48,510 - INFO - Next check in 3 seconds...
2025-08-28 23:34:51,511 - INFO - Scanning for changes...
2025-08-28 23:34:51,545 - INFO - No changes detected
2025-08-28 23:34:51,545 - INFO - Next check in 3 seconds...
2025-08-28 23:34:52,254 - INFO - Monitoring stopped by user
2025-08-28 23:34:52,265 - INFO - Monitor shutdown complete
2025-08-28 23:35:44,207 - INFO - Loaded state: 47 files tracked
2025-08-28 23:35:44,208 - INFO - ENHANCED FILE MONITOR STARTED
2025-08-28 23:35:44,209 - INFO - Monitoring: clean_enhanced_la_finance_data_*, comparison_reports_*
2025-08-28 23:35:44,209 - INFO - Check every: 3 seconds
2025-08-28 23:35:44,210 - INFO - Features: Before/After Pattern Comparison
2025-08-28 23:35:44,211 - INFO - Starting continuous monitoring with before/after pattern comparison...
2025-08-28 23:35:44,211 - INFO - Scanning for changes...
2025-08-28 23:35:44,226 - INFO - No changes detected
2025-08-28 23:35:44,226 - INFO - Next check in 3 seconds...
2025-08-28 23:35:47,228 - INFO - Scanning for changes...
2025-08-28 23:35:47,258 - INFO - No changes detected
2025-08-28 23:35:47,259 - INFO - Next check in 3 seconds...
2025-08-28 23:35:50,260 - INFO - Scanning for changes...
2025-08-28 23:35:50,293 - INFO - No changes detected
2025-08-28 23:35:50,294 - INFO - Next check in 3 seconds...
2025-08-28 23:35:53,295 - INFO - Scanning for changes...
2025-08-28 23:35:53,328 - INFO - No changes detected
2025-08-28 23:35:53,329 - INFO - Next check in 3 seconds...
2025-08-28 23:35:56,330 - INFO - Scanning for changes...
2025-08-28 23:35:56,364 - INFO - No changes detected
2025-08-28 23:35:56,365 - INFO - Next check in 3 seconds...
2025-08-28 23:35:59,366 - INFO - Scanning for changes...
2025-08-28 23:35:59,399 - INFO - No changes detected
2025-08-28 23:35:59,400 - INFO - Next check in 3 seconds...
2025-08-28 23:36:02,401 - INFO - Scanning for changes...
2025-08-28 23:36:02,432 - INFO - No changes detected
2025-08-28 23:36:02,433 - INFO - Next check in 3 seconds...
2025-08-28 23:36:05,435 - INFO - Scanning for changes...
2025-08-28 23:36:05,471 - INFO - No changes detected
2025-08-28 23:36:05,472 - INFO - Next check in 3 seconds...
2025-08-28 23:36:08,473 - INFO - Scanning for changes...
2025-08-28 23:36:08,515 - INFO - No changes detected
2025-08-28 23:36:08,516 - INFO - Next check in 3 seconds...
2025-08-28 23:36:11,518 - INFO - Scanning for changes...
2025-08-28 23:36:11,549 - INFO - MODIFIED: external.txt
2025-08-28 23:36:11,555 - INFO - FOUND 1 CHANGES!
2025-08-28 23:36:13,135 - INFO - TEAMS NOTIFICATION SENT for 1 changes with before/after comparison
2025-08-28 23:36:13,146 - INFO - Next check in 3 seconds...
2025-08-28 23:36:16,148 - INFO - Scanning for changes...
2025-08-28 23:36:16,174 - INFO - No changes detected
2025-08-28 23:36:16,177 - INFO - Next check in 3 seconds...
2025-08-28 23:36:19,178 - INFO - Scanning for changes...
2025-08-28 23:36:19,211 - INFO - No changes detected
2025-08-28 23:36:19,213 - INFO - Next check in 3 seconds...
2025-08-28 23:36:22,214 - INFO - Scanning for changes...
2025-08-28 23:36:22,238 - INFO - No changes detected
2025-08-28 23:36:22,239 - INFO - Next check in 3 seconds...
2025-08-28 23:36:25,240 - INFO - Scanning for changes...
2025-08-28 23:36:25,284 - INFO - No changes detected
2025-08-28 23:36:25,285 - INFO - Next check in 3 seconds...
2025-08-28 23:36:28,287 - INFO - Scanning for changes...
2025-08-28 23:36:28,332 - INFO - No changes detected
2025-08-28 23:36:28,333 - INFO - Next check in 3 seconds...
2025-08-28 23:36:31,335 - INFO - Scanning for changes...
2025-08-28 23:36:31,411 - INFO - No changes detected
2025-08-28 23:36:31,413 - INFO - Next check in 3 seconds...
2025-08-28 23:36:34,415 - INFO - Scanning for changes...
2025-08-28 23:36:34,445 - INFO - No changes detected
2025-08-28 23:36:34,446 - INFO - Next check in 3 seconds...
2025-08-28 23:36:37,446 - INFO - Scanning for changes...
2025-08-28 23:36:37,471 - INFO - MODIFIED: external.txt
2025-08-28 23:36:37,480 - INFO - FOUND 1 CHANGES!
2025-08-28 23:36:38,742 - INFO - TEAMS NOTIFICATION SENT for 1 changes with before/after comparison
2025-08-28 23:36:38,750 - INFO - Next check in 3 seconds...
2025-08-28 23:36:41,752 - INFO - Scanning for changes...
2025-08-28 23:36:41,778 - INFO - MODIFIED: external.txt
2025-08-28 23:36:41,791 - INFO - FOUND 1 CHANGES!
2025-08-28 23:36:43,136 - INFO - TEAMS NOTIFICATION SENT for 1 changes with before/after comparison
2025-08-28 23:36:43,143 - INFO - Next check in 3 seconds...
2025-08-28 23:36:46,145 - INFO - Scanning for changes...
2025-08-28 23:36:46,174 - INFO - MODIFIED: external.txt
2025-08-28 23:36:46,184 - INFO - FOUND 1 CHANGES!
2025-08-28 23:36:47,776 - INFO - TEAMS NOTIFICATION SENT for 1 changes with before/after comparison
2025-08-28 23:36:47,790 - INFO - Next check in 3 seconds...
2025-08-28 23:36:50,791 - INFO - Scanning for changes...
2025-08-28 23:36:50,830 - INFO - No changes detected
2025-08-28 23:36:50,832 - INFO - Next check in 3 seconds...
2025-08-28 23:36:53,834 - INFO - Scanning for changes...
2025-08-28 23:36:53,870 - INFO - No changes detected
2025-08-28 23:36:53,871 - INFO - Next check in 3 seconds...
2025-08-28 23:36:56,872 - INFO - Scanning for changes...
2025-08-28 23:36:56,906 - INFO - No changes detected
2025-08-28 23:36:56,906 - INFO - Next check in 3 seconds...
2025-08-28 23:36:59,909 - INFO - Scanning for changes...
2025-08-28 23:36:59,941 - INFO - No changes detected
2025-08-28 23:36:59,941 - INFO - Next check in 3 seconds...
2025-08-28 23:37:02,943 - INFO - Scanning for changes...
2025-08-28 23:37:02,985 - INFO - No changes detected
2025-08-28 23:37:02,986 - INFO - Next check in 3 seconds...
2025-08-28 23:37:05,987 - INFO - Scanning for changes...
2025-08-28 23:37:06,023 - INFO - No changes detected
2025-08-28 23:37:06,023 - INFO - Next check in 3 seconds...
2025-08-28 23:37:09,037 - INFO - Scanning for changes...
2025-08-28 23:37:09,063 - INFO - No changes detected
2025-08-28 23:37:09,064 - INFO - Next check in 3 seconds...
2025-08-28 23:37:12,064 - INFO - Scanning for changes...
2025-08-28 23:37:12,091 - INFO - MODIFIED: internal.txt
2025-08-28 23:37:12,100 - INFO - FOUND 1 CHANGES!
2025-08-28 23:37:13,432 - INFO - TEAMS NOTIFICATION SENT for 1 changes with before/after comparison
2025-08-28 23:37:13,442 - INFO - Next check in 3 seconds...
2025-08-28 23:37:16,443 - INFO - Scanning for changes...
2025-08-28 23:37:16,474 - INFO - MODIFIED: internal.txt
2025-08-28 23:37:16,487 - INFO - FOUND 1 CHANGES!
2025-08-28 23:37:17,779 - INFO - TEAMS NOTIFICATION SENT for 1 changes with before/after comparison
2025-08-28 23:37:17,788 - INFO - Next check in 3 seconds...
2025-08-28 23:37:20,789 - INFO - Scanning for changes...
2025-08-28 23:37:20,844 - INFO - No changes detected
2025-08-28 23:37:20,846 - INFO - Next check in 3 seconds...
2025-08-28 23:37:23,847 - INFO - Scanning for changes...
2025-08-28 23:37:23,901 - INFO - No changes detected
2025-08-28 23:37:23,904 - INFO - Next check in 3 seconds...
2025-08-28 23:37:26,905 - INFO - Scanning for changes...
2025-08-28 23:37:26,961 - INFO - No changes detected
2025-08-28 23:37:26,961 - INFO - Next check in 3 seconds...
2025-08-28 23:37:29,963 - INFO - Scanning for changes...
2025-08-28 23:37:30,002 - INFO - MODIFIED: internal.txt
2025-08-28 23:37:30,018 - INFO - FOUND 1 CHANGES!
2025-08-28 23:37:31,278 - INFO - TEAMS NOTIFICATION SENT for 1 changes with before/after comparison
2025-08-28 23:37:31,290 - INFO - Next check in 3 seconds...
2025-08-28 23:37:34,291 - INFO - Scanning for changes...
2025-08-28 23:37:34,334 - INFO - No changes detected
2025-08-28 23:37:34,335 - INFO - Next check in 3 seconds...
2025-08-28 23:37:37,336 - INFO - Scanning for changes...
2025-08-28 23:37:37,379 - INFO - No changes detected
2025-08-28 23:37:37,380 - INFO - Next check in 3 seconds...
2025-08-28 23:37:40,381 - INFO - Scanning for changes...
2025-08-28 23:37:40,429 - INFO - No changes detected
2025-08-28 23:37:40,429 - INFO - Next check in 3 seconds...
2025-08-28 23:37:43,430 - INFO - Scanning for changes...
2025-08-28 23:37:43,468 - INFO - No changes detected
2025-08-28 23:37:43,469 - INFO - Next check in 3 seconds...
2025-08-28 23:37:46,469 - INFO - Scanning for changes...
2025-08-28 23:37:46,506 - INFO - No changes detected
2025-08-28 23:37:46,508 - INFO - Next check in 3 seconds...
2025-08-28 23:37:49,509 - INFO - Scanning for changes...
2025-08-28 23:37:49,551 - INFO - No changes detected
2025-08-28 23:37:49,551 - INFO - Next check in 3 seconds...
2025-08-28 23:37:52,552 - INFO - Scanning for changes...
2025-08-28 23:37:52,563 - INFO - MODIFIED: tax-education_business-tax-registration-renewal_renewal-deadlines-forms-and-online-services.txt
2025-08-28 23:37:52,585 - INFO - FOUND 1 CHANGES!
2025-08-28 23:37:55,202 - INFO - TEAMS NOTIFICATION SENT for 1 changes with before/after comparison
2025-08-28 23:37:55,211 - INFO - Next check in 3 seconds...
2025-08-28 23:37:58,212 - INFO - Scanning for changes...
2025-08-28 23:37:58,254 - INFO - No changes detected
2025-08-28 23:37:58,255 - INFO - Next check in 3 seconds...
2025-08-28 23:38:01,256 - INFO - Scanning for changes...
2025-08-28 23:38:01,379 - INFO - No changes detected
2025-08-28 23:38:01,381 - INFO - Next check in 3 seconds...
2025-08-28 23:38:04,383 - INFO - Scanning for changes...
2025-08-28 23:38:04,507 - INFO - No changes detected
2025-08-28 23:38:04,507 - INFO - Next check in 3 seconds...
2025-08-28 23:38:07,509 - INFO - Scanning for changes...
2025-08-28 23:38:07,562 - INFO - No changes detected
2025-08-28 23:38:07,563 - INFO - Next check in 3 seconds...
2025-08-28 23:38:10,564 - INFO - Scanning for changes...
2025-08-28 23:38:10,618 - INFO - No changes detected
2025-08-28 23:38:10,619 - INFO - Next check in 3 seconds...
2025-08-28 23:38:13,620 - INFO - Scanning for changes...
2025-08-28 23:38:13,639 - INFO - MODIFIED: tax-education_business-tax-registration-renewal_renewal-deadlines-forms-and-online-services.txt
2025-08-28 23:38:13,671 - INFO - FOUND 1 CHANGES!
2025-08-28 23:38:14,971 - INFO - TEAMS NOTIFICATION SENT for 1 changes with before/after comparison
2025-08-28 23:38:14,984 - INFO - Next check in 3 seconds...
2025-08-28 23:38:17,986 - INFO - Scanning for changes...
2025-08-28 23:38:18,021 - INFO - No changes detected
2025-08-28 23:38:18,021 - INFO - Next check in 3 seconds...
2025-08-28 23:38:21,022 - INFO - Scanning for changes...
2025-08-28 23:38:21,062 - INFO - No changes detected
2025-08-28 23:38:21,063 - INFO - Next check in 3 seconds...
2025-08-28 23:38:24,007 - INFO - Monitoring stopped by user
2025-08-28 23:38:24,016 - INFO - Monitor shutdown complete
